<?xml version="1.0" encoding="UTF-8"?>
<testsuites errors="9" failures="9"><testsuite name="BackstopJS" tests="9" errors="9" failures="9"><testcase name=" ›› EC Europa Theme test" classname=".ecl-page-header"><error message="Design deviation ›› EC Europa Theme test (.ecl-page-header) component" type="CSS component"/><failure message="Design deviation ›› EC Europa Theme test (.ecl-page-header) component" type="CSS component"/></testcase><testcase name=" ›› EC Europa Theme test" classname=".page-content"><error message="Design deviation ›› EC Europa Theme test (.page-content) component" type="CSS component"/><failure message="Design deviation ›› EC Europa Theme test (.page-content) component" type="CSS component"/></testcase><testcase name=" ›› EC Europa Theme test" classname=".ecl-footer"><error message="Design deviation ›› EC Europa Theme test (.ecl-footer) component" type="CSS component"/><failure message="Design deviation ›› EC Europa Theme test (.ecl-footer) component" type="CSS component"/></testcase><testcase name=" ›› EC Europa Theme test" classname=".ecl-page-header"><error message="Design deviation ›› EC Europa Theme test (.ecl-page-header) component" type="CSS component"/><failure message="Design deviation ›› EC Europa Theme test (.ecl-page-header) component" type="CSS component"/></testcase><testcase name=" ›› EC Europa Theme test" classname=".page-content"><error message="Design deviation ›› EC Europa Theme test (.page-content) component" type="CSS component"/><failure message="Design deviation ›› EC Europa Theme test (.page-content) component" type="CSS component"/></testcase><testcase name=" ›› EC Europa Theme test" classname=".ecl-footer"><error message="Design deviation ›› EC Europa Theme test (.ecl-footer) component" type="CSS component"/><failure message="Design deviation ›› EC Europa Theme test (.ecl-footer) component" type="CSS component"/></testcase><testcase name=" ›› EC Europa Theme test" classname=".ecl-page-header"><error message="Design deviation ›› EC Europa Theme test (.ecl-page-header) component" type="CSS component"/><failure message="Design deviation ›› EC Europa Theme test (.ecl-page-header) component" type="CSS component"/></testcase><testcase name=" ›› EC Europa Theme test" classname=".page-content"><error message="Design deviation ›› EC Europa Theme test (.page-content) component" type="CSS component"/><failure message="Design deviation ›› EC Europa Theme test (.page-content) component" type="CSS component"/></testcase><testcase name=" ›› EC Europa Theme test" classname=".ecl-footer"><error message="Design deviation ›› EC Europa Theme test (.ecl-footer) component" type="CSS component"/><failure message="Design deviation ›› EC Europa Theme test (.ecl-footer) component" type="CSS component"/></testcase></testsuite></testsuites>